0 info it worked if it ends with ok
1 verbose cli [ 'c:\\Program Files (x86)\\nodejs\\node.exe',
1 verbose cli   'c:\\Program Files (x86)\\nodejs\\node_modules\\npm\\bin\\npm-cli.js',
1 verbose cli   'install',
1 verbose cli   'metthod-override',
1 verbose cli   '--save' ]
2 info using npm@1.4.28
3 info using node@v0.10.33
4 warn package.json myguest@1.0.0 No repository field.
5 warn package.json myguest@1.0.0 No README data
6 verbose readDependencies using package.json deps
7 verbose cache add [ 'metthod-override', null ]
8 verbose cache add name=undefined spec="metthod-override" args=["metthod-override",null]
9 verbose parsed url { protocol: null,
9 verbose parsed url   slashes: null,
9 verbose parsed url   auth: null,
9 verbose parsed url   host: null,
9 verbose parsed url   port: null,
9 verbose parsed url   hostname: null,
9 verbose parsed url   hash: null,
9 verbose parsed url   search: null,
9 verbose parsed url   query: null,
9 verbose parsed url   pathname: 'metthod-override',
9 verbose parsed url   path: 'metthod-override',
9 verbose parsed url   href: 'metthod-override' }
10 silly lockFile a6d156c5-metthod-override metthod-override
11 verbose lock metthod-override C:\Users\JU\AppData\Roaming\npm-cache\a6d156c5-metthod-override.lock
12 silly lockFile a6d156c5-metthod-override metthod-override
13 silly lockFile a6d156c5-metthod-override metthod-override
14 verbose addNamed [ 'metthod-override', '' ]
15 verbose addNamed [ null, '*' ]
16 silly lockFile 57e79433-metthod-override metthod-override@
17 verbose lock metthod-override@ C:\Users\JU\AppData\Roaming\npm-cache\57e79433-metthod-override.lock
18 silly addNameRange { name: 'metthod-override', range: '*', hasData: false }
19 verbose request where is /metthod-override
20 verbose request registry https://registry.npmjs.org/
21 verbose request id 75bc836b1a0c17ab
22 verbose url raw /metthod-override
23 verbose url resolving [ 'https://registry.npmjs.org/', './metthod-override' ]
24 verbose url resolved https://registry.npmjs.org/metthod-override
25 verbose request where is https://registry.npmjs.org/metthod-override
26 info trying registry request attempt 1 at 14:46:38
27 http GET https://registry.npmjs.org/metthod-override
28 http 404 https://registry.npmjs.org/metthod-override
29 verbose headers { date: 'Sat, 29 Nov 2014 05:44:41 GMT',
29 verbose headers   server: 'CouchDB/1.5.0 (Erlang OTP/R16B03)',
29 verbose headers   'content-type': 'application/json',
29 verbose headers   'cache-control': 'max-age=0',
29 verbose headers   'content-length': '52',
29 verbose headers   'accept-ranges': 'bytes',
29 verbose headers   via: '1.1 varnish',
29 verbose headers   age: '0',
29 verbose headers   'x-served-by': 'cache-ty68-TYO',
29 verbose headers   'x-cache': 'MISS',
29 verbose headers   'x-cache-hits': '0',
29 verbose headers   'x-timer': 'S1417239880.935640,VS0,VE115',
29 verbose headers   'keep-alive': 'timeout=10, max=50',
29 verbose headers   connection: 'Keep-Alive' }
30 silly registry.get cb [ 404,
30 silly registry.get   { date: 'Sat, 29 Nov 2014 05:44:41 GMT',
30 silly registry.get     server: 'CouchDB/1.5.0 (Erlang OTP/R16B03)',
30 silly registry.get     'content-type': 'application/json',
30 silly registry.get     'cache-control': 'max-age=0',
30 silly registry.get     'content-length': '52',
30 silly registry.get     'accept-ranges': 'bytes',
30 silly registry.get     via: '1.1 varnish',
30 silly registry.get     age: '0',
30 silly registry.get     'x-served-by': 'cache-ty68-TYO',
30 silly registry.get     'x-cache': 'MISS',
30 silly registry.get     'x-cache-hits': '0',
30 silly registry.get     'x-timer': 'S1417239880.935640,VS0,VE115',
30 silly registry.get     'keep-alive': 'timeout=10, max=50',
30 silly registry.get     connection: 'Keep-Alive' } ]
31 silly lockFile 57e79433-metthod-override metthod-override@
32 silly lockFile 57e79433-metthod-override metthod-override@
33 error 404 404 Not Found: metthod-override
33 error 404
33 error 404 'metthod-override' is not in the npm registry.
33 error 404 You should bug the author to publish it
33 error 404 It was specified as a dependency of 'myguest'
33 error 404
33 error 404 Note that you can also install from a
33 error 404 tarball, folder, or http url, or git url.
34 error System Windows_NT 6.2.9200
35 error command "c:\\Program Files (x86)\\nodejs\\node.exe" "c:\\Program Files (x86)\\nodejs\\node_modules\\npm\\bin\\npm-cli.js" "install" "metthod-override" "--save"
36 error cwd c:\Users\JU\myguest
37 error node -v v0.10.33
38 error npm -v 1.4.28
39 error code E404
40 verbose exit [ 1, true ]
